d:\ecole\git\server_6_game\server\debug\vc142.pdb
d:\ecole\git\server_6_game\server\debug\vc142.idb
d:\ecole\git\server_6_game\server\debug\threadedsocket.obj
d:\ecole\git\server_6_game\server\debug\stoppableserver.obj
d:\ecole\git\server_6_game\server\debug\server.obj
d:\ecole\git\server_6_game\server\debug\semaphore.obj
d:\ecole\git\server_6_game\server\debug\ouput.obj
d:\ecole\git\server_6_game\server\debug\game.obj
d:\ecole\git\server_6_game\server\debug\endpoint.obj
d:\ecole\git\server_6_game\server\debug\client.obj
d:\ecole\git\server_6_game\server\debug\card.obj
d:\ecole\git\server_6_game\debug\server.exe
d:\ecole\git\server_6_game\server\debug\server.ilk
d:\ecole\git\server_6_game\debug\server.pdb
d:\ecole\git\server_6_game\server\debug\server.tlog\cl.command.1.tlog
d:\ecole\git\server_6_game\server\debug\server.tlog\cl.read.1.tlog
d:\ecole\git\server_6_game\server\debug\server.tlog\cl.write.1.tlog
d:\ecole\git\server_6_game\server\debug\server.tlog\link.command.1.tlog
d:\ecole\git\server_6_game\server\debug\server.tlog\link.read.1.tlog
d:\ecole\git\server_6_game\server\debug\server.tlog\link.write.1.tlog
